6120
5880
8880
2520
4680
3960
1200
2640
6360
7200
5280
8520
1680
1080
10560
4200
5400
9600
3960
11880
11400
7320
10920
7920
1560
7920
8400
3480
9840
9240
8040
10080
1080
3600
11280
7440
6720
2040
4320
360
8160
12000
8760
4920
6000
5400
11520
1800
360
240
2760
7800
6240
5760
1440
720
8400
5640
10800
10320
120
2160
11040
11280
3240
1680
4920
6480
960
3000
6840
2280
9360
5520
5520
4440
10200
3840
10680
2880
840
3720
9120
8640
11640
2400
5040
10440
6840
11160
6960
240
6240
9480
9720
1920
600
7680
4560
8280
1320
5160
480
6600
7080
4800
4080
5880
9960
10920
9000
8160
7800
3360
11760
3120
3360
7560
10560
1200
